<?xml version="1.0" encoding="UTF-8"?>
<!-- Generated by org.testng.reporters.JUnitReportReporter -->
<testsuite hostname="Sujith" failures="0" tests="1" name="testcases.LoginOneJN" time="37.158" errors="0" timestamp="2023-03-31T10:09:02 IST" skipped="0">
  <testcase classname="testcases.LoginOneJN" name="OneJN_TC1" time="37.158"/>
  <system-out/>
</testsuite> <!-- testcases.LoginOneJN -->
