<?xml version="1.0" encoding="UTF-8"?>
<!-- Generated by org.testng.reporters.JUnitReportReporter -->
<testsuite hostname="Sujith" failures="0" tests="1" name="testcases.LoginOneJN" time="8.157" errors="0" timestamp="2023-03-21T21:10:02 IST" skipped="0">
  <testcase classname="testcases.LoginOneJN" name="OneJN_TC1" time="8.157"/>
  <system-out/>
</testsuite> <!-- testcases.LoginOneJN -->
